Using pre-set license
Built from '2021.3/staging' branch; Version is '2021.3.15f1 (e8e88683f834) revision 15263878'; Using compiler version '192829333'; Build Type 'Release'
OS: 'Windows 10  (10.0.19045) 64bit Core' Language: 'ja' Physical Memory: 32712 MB
BatchMode: 1, IsHumanControllingUs: 0, StartBugReporterOnCrash: 0, Is64bit: 1, IsPro: 1

COMMAND LINE ARGUMENTS:
C:\Program Files\Unity\Hub\Editor\2021.3.15f1\Editor\Unity.exe
-adb2
-batchMode
-noUpm
-name
AssetImportWorker0
-projectPath
C:/Users/tami1/MyHome/UnityProjects/UnityRPG
-logFile
Logs/AssetImportWorker0.log
-srvPort
62758
Successfully changed project path to: C:/Users/tami1/MyHome/UnityProjects/UnityRPG
C:/Users/tami1/MyHome/UnityProjects/UnityRPG
[UnityMemory] Configuration Parameters - Can be set up in boot.config
    "memorysetup-bucket-allocator-granularity=16"
    "memorysetup-bucket-allocator-bucket-count=8"
    "memorysetup-bucket-allocator-block-size=33554432"
    "memorysetup-bucket-allocator-block-count=8"
    "memorysetup-main-allocator-block-size=16777216"
    "memorysetup-thread-allocator-block-size=16777216"
    "memorysetup-gfx-main-allocator-block-size=16777216"
    "memorysetup-gfx-thread-allocator-block-size=16777216"
    "memorysetup-cache-allocator-block-size=4194304"
    "memorysetup-typetree-allocator-block-size=2097152"
    "memorysetup-profiler-bucket-allocator-granularity=16"
    "memorysetup-profiler-bucket-allocator-bucket-count=8"
    "memorysetup-profiler-bucket-allocator-block-size=33554432"
    "memorysetup-profiler-bucket-allocator-block-count=8"
    "memorysetup-profiler-allocator-block-size=16777216"
    "memorysetup-profiler-editor-allocator-block-size=1048576"
    "memorysetup-temp-allocator-size-main=16777216"
    "memorysetup-job-temp-allocator-block-size=2097152"
    "memorysetup-job-temp-allocator-block-size-background=1048576"
    "memorysetup-job-temp-allocator-reduction-small-platforms=262144"
    "memorysetup-temp-allocator-size-background-worker=32768"
    "memorysetup-temp-allocator-size-job-worker=262144"
    "memorysetup-temp-allocator-size-preload-manager=33554432"
    "memorysetup-temp-allocator-size-nav-mesh-worker=65536"
    "memorysetup-temp-allocator-size-audio-worker=65536"
    "memorysetup-temp-allocator-size-cloud-worker=32768"
    "memorysetup-temp-allocator-size-gi-baking-worker=262144"
    "memorysetup-temp-allocator-size-gfx=262144"
Player connection [18620] Host "[IP] 192.168.0.50 [Port] 0 [Flags] 2 [Guid] 4185469095 [EditorId] 4185469095 [Version] 1048832 [Id] WindowsEditor(7,DESKTOP-GES9CGF) [Debug] 1 [PackageName] WindowsEditor [ProjectName] Editor" joined multi-casting on [225.0.0.222:54997]...

Player connection [18620] Host "[IP] 192.168.0.50 [Port] 0 [Flags] 2 [Guid] 4185469095 [EditorId] 4185469095 [Version] 1048832 [Id] WindowsEditor(7,DESKTOP-GES9CGF) [Debug] 1 [PackageName] WindowsEditor [ProjectName] Editor" joined alternative multi-casting on [225.0.0.222:34997]...

Refreshing native plugins compatible for Editor in 77.96 ms, found 3 plugins.
Preloading 0 native plugins for Editor in 0.00 ms.
Initialize engine version: 2021.3.15f1 (e8e88683f834)
[Subsystems] Discovering subsystems at path C:/Program Files/Unity/Hub/Editor/2021.3.15f1/Editor/Data/Resources/UnitySubsystems
[Subsystems] Discovering subsystems at path C:/Users/tami1/MyHome/UnityProjects/UnityRPG/Assets
GfxDevice: creating device client; threaded=0; jobified=0
Direct3D:
    Version:  Direct3D 11.0 [level 11.1]
    Renderer: NVIDIA GeForce RTX 3060 Ti (ID=0x2486)
    Vendor:   NVIDIA
    VRAM:     8038 MB
    Driver:   31.0.15.2756
Initialize mono
Mono path[0] = 'C:/Program Files/Unity/Hub/Editor/2021.3.15f1/Editor/Data/Managed'
Mono path[1] = 'C:/Program Files/Unity/Hub/Editor/2021.3.15f1/Editor/Data/MonoBleedingEdge/lib/mono/unityjit-win32'
Mono config path = 'C:/Program Files/Unity/Hub/Editor/2021.3.15f1/Editor/Data/MonoBleedingEdge/etc'
Using monoOptions --debugger-agent=transport=dt_socket,embedding=1,server=y,suspend=n,address=127.0.0.1:56456
Begin MonoManager ReloadAssembly
Registering precompiled unity dll's ...
Register platform support module: C:/Program Files/Unity/Hub/Editor/2021.3.15f1/Editor/Data/PlaybackEngines/WebGLSupport/UnityEditor.WebGL.Extensions.dll
Register platform support module: C:/Program Files/Unity/Hub/Editor/2021.3.15f1/Editor/Data/PlaybackEngines/WindowsStandaloneSupport/UnityEditor.WindowsStandalone.Extensions.dll
Registered in 0.010843 seconds.
Native extension for WindowsStandalone target not found
Native extension for WebGL target not found
Refreshing native plugins compatible for Editor in 69.79 ms, found 3 plugins.
Preloading 0 native plugins for Editor in 0.00 ms.
Mono: successfully reloaded assembly
- Completed reload, in  0.642 seconds
Domain Reload Profiling:
	ReloadAssembly (643ms)
		BeginReloadAssembly (81ms)
			ExecutionOrderSort (0ms)
			DisableScriptedObjects (0ms)
			BackupInstance (0ms)
			ReleaseScriptingObjects (0ms)
			CreateAndSetChildDomain (1ms)
		EndReloadAssembly (444ms)
			LoadAssemblies (77ms)
			RebuildTransferFunctionScriptingTraits (0ms)
			SetupTypeCache (101ms)
			ReleaseScriptCaches (0ms)
			RebuildScriptCaches (28ms)
			SetupLoadedEditorAssemblies (261ms)
				LogAssemblyErrors (0ms)
				InitializePlatformSupportModulesInManaged (9ms)
				SetLoadedEditorAssemblies (0ms)
				RefreshPlugins (70ms)
				BeforeProcessingInitializeOnLoad (1ms)
				ProcessInitializeOnLoadAttributes (129ms)
				ProcessInitializeOnLoadMethodAttributes (51ms)
				AfterProcessingInitializeOnLoad (0ms)
				EditorAssembliesLoaded (0ms)
			ExecutionOrderSort2 (0ms)
			AwakeInstancesAfterBackupRestoration (0ms)
Platform modules already initialized, skipping
Registering precompiled user dll's ...
Registered in 0.009850 seconds.
Begin MonoManager ReloadAssembly
Symbol file LoadedFromMemory doesn't match image C:\Users\tami1\MyHome\UnityProjects\UnityRPG\Library\PackageCache\com.unity.visualscripting@1.7.8\Editor\VisualScripting.Core\Dependencies\YamlDotNet\Unity.VisualScripting.YamlDotNet.dll
Symbol file LoadedFromMemory doesn't match image C:\Users\tami1\MyHome\UnityProjects\UnityRPG\Library\PackageCache\com.unity.visualscripting@1.7.8\Editor\VisualScripting.Core\Dependencies\DotNetZip\Unity.VisualScripting.IonicZip.dll
Native extension for WindowsStandalone target not found
Native extension for WebGL target not found
Refreshing native plugins compatible for Editor in 0.51 ms, found 3 plugins.
Preloading 0 native plugins for Editor in 0.00 ms.
Mono: successfully reloaded assembly
- Completed reload, in  1.044 seconds
Domain Reload Profiling:
	ReloadAssembly (1045ms)
		BeginReloadAssembly (111ms)
			ExecutionOrderSort (0ms)
			DisableScriptedObjects (6ms)
			BackupInstance (0ms)
			ReleaseScriptingObjects (0ms)
			CreateAndSetChildDomain (20ms)
		EndReloadAssembly (818ms)
			LoadAssemblies (84ms)
			RebuildTransferFunctionScriptingTraits (0ms)
			SetupTypeCache (281ms)
			ReleaseScriptCaches (1ms)
			RebuildScriptCaches (48ms)
			SetupLoadedEditorAssemblies (364ms)
				LogAssemblyErrors (0ms)
				InitializePlatformSupportModulesInManaged (7ms)
				SetLoadedEditorAssemblies (0ms)
				RefreshPlugins (1ms)
				BeforeProcessingInitializeOnLoad (91ms)
				ProcessInitializeOnLoadAttributes (230ms)
				ProcessInitializeOnLoadMethodAttributes (24ms)
				AfterProcessingInitializeOnLoad (10ms)
				EditorAssembliesLoaded (0ms)
			ExecutionOrderSort2 (0ms)
			AwakeInstancesAfterBackupRestoration (9ms)
Platform modules already initialized, skipping
========================================================================
Worker process is ready to serve import requests
Launched and connected shader compiler UnityShaderCompiler.exe after 0.05 seconds
Refreshing native plugins compatible for Editor in 0.51 ms, found 3 plugins.
Preloading 0 native plugins for Editor in 0.00 ms.
Unloading 3361 Unused Serialized files (Serialized files now loaded: 0)
Unloading 25 unused Assets / (56.1 KB). Loaded Objects now: 3820.
Memory consumption went from 115.4 MB to 115.4 MB.
Total: 3.187200 ms (FindLiveObjects: 0.267500 ms CreateObjectMapping: 0.202100 ms MarkObjects: 2.653100 ms  DeleteObjects: 0.063800 ms)

AssetImportParameters requested are different than current active one (requested -> active):
  custom:video-decoder-ogg-theora: a1e56fd34408186e4bbccfd4996cb3dc -> 
  custom:container-muxer-webm: aa71ff27fc2769a1b78a27578f13a17b -> 
  custom:container-demuxer-webm: 4f35f7cbe854078d1ac9338744f61a02 -> 
  custom:video-encoder-webm-vp8: eb34c28f22e8b96e1ab97ce403110664 -> 
  custom:video-codec-MediaFoundation-h265: 746d11721c4dcdbdad8f713fa42b33f4 -> 
  custom:audio-encoder-webm-vorbis: bf7c407c2cedff20999df2af8eb42d56 -> 
  custom:framework-win-MediaFoundation: 216162199b28c13a410421893ffa2e32 -> 
  custom:container-demuxer-ogg: 62fdf1f143b41e24485cea50d1cbac27 -> 
  custom:video-decoder-webm-vp8: 9c59270c3fd7afecdb556c50c9e8de78 -> 
  custom:audio-decoder-ogg-vorbis: bf7c407c2cedff20999df2af8eb42d56 -> 
========================================================================
Received Import Request.
  Time since last request: 755676.627835 seconds.
  path: Assets/TAMIYANOMAR/Script
  artifactKey: Guid(a8e21f437f340e64f81a87d325c56310) Importer(815301076,1909f56bfc062723c751e8b465ee728b)
Start importing Assets/TAMIYANOMAR/Script using Guid(a8e21f437f340e64f81a87d325c56310) Importer(815301076,1909f56bfc062723c751e8b465ee728b)  -> (artifact id: '1efeeb4f03b676139f23c3973555c874') in 0.009963 seconds 
========================================================================
Received Import Request.
  Time since last request: 28.601364 seconds.
  path: Assets/TAMIYANOMAR/Script/TAMIYANOMAR_game_manager.cs
  artifactKey: Guid(f6d76ebbb2aef7d4aa19ec453a300edb) Importer(815301076,1909f56bfc062723c751e8b465ee728b)
Start importing Assets/TAMIYANOMAR/Script/TAMIYANOMAR_game_manager.cs using Guid(f6d76ebbb2aef7d4aa19ec453a300edb) Importer(815301076,1909f56bfc062723c751e8b465ee728b)  -> (artifact id: 'b67c28950730415d3e40feeb71b21d8b') in 0.036338 seconds 
========================================================================
Received Import Request.
  Time since last request: 121.450515 seconds.
  path: Assets/TAMIYANOMAR/Script/TAMIYANOMAR_game_manager.cs
  artifactKey: Guid(f6d76ebbb2aef7d4aa19ec453a300edb) Importer(815301076,1909f56bfc062723c751e8b465ee728b)
Start importing Assets/TAMIYANOMAR/Script/TAMIYANOMAR_game_manager.cs using Guid(f6d76ebbb2aef7d4aa19ec453a300edb) Importer(815301076,1909f56bfc062723c751e8b465ee728b)  -> (artifact id: '82afc188ef6bb0cfc427b114667878f4') in 0.002648 seconds 
========================================================================
Received Import Request.
  Time since last request: 182.303582 seconds.
  path: Assets/TAMIYANOMAR/Script/TAMIYANOMAR_game_manager.cs
  artifactKey: Guid(f6d76ebbb2aef7d4aa19ec453a300edb) Importer(815301076,1909f56bfc062723c751e8b465ee728b)
Start importing Assets/TAMIYANOMAR/Script/TAMIYANOMAR_game_manager.cs using Guid(f6d76ebbb2aef7d4aa19ec453a300edb) Importer(815301076,1909f56bfc062723c751e8b465ee728b)  -> (artifact id: '3429fc1ab50cbc8adb379bd7ec9c01f7') in 0.002290 seconds 
========================================================================
Received Import Request.
  Time since last request: 34.412079 seconds.
  path: Assets/TAMIYANOMAR/Script/TAMIYANOMAR_game_manager.cs
  artifactKey: Guid(f6d76ebbb2aef7d4aa19ec453a300edb) Importer(815301076,1909f56bfc062723c751e8b465ee728b)
Start importing Assets/TAMIYANOMAR/Script/TAMIYANOMAR_game_manager.cs using Guid(f6d76ebbb2aef7d4aa19ec453a300edb) Importer(815301076,1909f56bfc062723c751e8b465ee728b)  -> (artifact id: '72eb0f7f41b286bf6dd4bb1e1400f75d') in 0.002837 seconds 
========================================================================
Received Prepare
Registering precompiled user dll's ...
Registered in 0.009010 seconds.
Begin MonoManager ReloadAssembly
Symbol file LoadedFromMemory doesn't match image C:\Users\tami1\MyHome\UnityProjects\UnityRPG\Library\PackageCache\com.unity.visualscripting@1.7.8\Editor\VisualScripting.Core\Dependencies\YamlDotNet\Unity.VisualScripting.YamlDotNet.dll
Symbol file LoadedFromMemory doesn't match image C:\Users\tami1\MyHome\UnityProjects\UnityRPG\Library\PackageCache\com.unity.visualscripting@1.7.8\Editor\VisualScripting.Core\Dependencies\DotNetZip\Unity.VisualScripting.IonicZip.dll
Native extension for WindowsStandalone target not found
Native extension for WebGL target not found
Refreshing native plugins compatible for Editor in 0.51 ms, found 3 plugins.
Preloading 0 native plugins for Editor in 0.00 ms.
Mono: successfully reloaded assembly
- Completed reload, in  1.075 seconds
Domain Reload Profiling:
	ReloadAssembly (1076ms)
		BeginReloadAssembly (156ms)
			ExecutionOrderSort (0ms)
			DisableScriptedObjects (8ms)
			BackupInstance (0ms)
			ReleaseScriptingObjects (0ms)
			CreateAndSetChildDomain (39ms)
		EndReloadAssembly (800ms)
			LoadAssemblies (97ms)
			RebuildTransferFunctionScriptingTraits (0ms)
			SetupTypeCache (300ms)
			ReleaseScriptCaches (1ms)
			RebuildScriptCaches (38ms)
			SetupLoadedEditorAssemblies (327ms)
				LogAssemblyErrors (0ms)
				InitializePlatformSupportModulesInManaged (14ms)
				SetLoadedEditorAssemblies (0ms)
				RefreshPlugins (1ms)
				BeforeProcessingInitializeOnLoad (74ms)
				ProcessInitializeOnLoadAttributes (203ms)
				ProcessInitializeOnLoadMethodAttributes (24ms)
				AfterProcessingInitializeOnLoad (11ms)
				EditorAssembliesLoaded (0ms)
			ExecutionOrderSort2 (0ms)
			AwakeInstancesAfterBackupRestoration (10ms)
Platform modules already initialized, skipping
Refreshing native plugins compatible for Editor in 1.89 ms, found 3 plugins.
Preloading 0 native plugins for Editor in 0.00 ms.
Unloading 3355 Unused Serialized files (Serialized files now loaded: 0)
Unloading 18 unused Assets / (24.5 KB). Loaded Objects now: 3824.
Memory consumption went from 115.2 MB to 115.2 MB.
Total: 2.802700 ms (FindLiveObjects: 0.265100 ms CreateObjectMapping: 0.203200 ms MarkObjects: 2.299900 ms  DeleteObjects: 0.033800 ms)

AssetImportParameters requested are different than current active one (requested -> active):
  custom:video-decoder-ogg-theora: a1e56fd34408186e4bbccfd4996cb3dc -> 
  custom:container-muxer-webm: aa71ff27fc2769a1b78a27578f13a17b -> 
  custom:container-demuxer-webm: 4f35f7cbe854078d1ac9338744f61a02 -> 
  custom:video-encoder-webm-vp8: eb34c28f22e8b96e1ab97ce403110664 -> 
  custom:video-codec-MediaFoundation-h265: 746d11721c4dcdbdad8f713fa42b33f4 -> 
  custom:audio-encoder-webm-vorbis: bf7c407c2cedff20999df2af8eb42d56 -> 
  custom:framework-win-MediaFoundation: 216162199b28c13a410421893ffa2e32 -> 
  custom:container-demuxer-ogg: 62fdf1f143b41e24485cea50d1cbac27 -> 
  custom:video-decoder-webm-vp8: 9c59270c3fd7afecdb556c50c9e8de78 -> 
  custom:audio-decoder-ogg-vorbis: bf7c407c2cedff20999df2af8eb42d56 -> 
========================================================================
Received Import Request.
  Time since last request: 68.681768 seconds.
  path: Assets/TAMIYANOMAR/Script/TAMIYANOMAR_stage_manager.cs
  artifactKey: Guid(97516a7dd3b01e94d9c882c7a8310448) Importer(815301076,1909f56bfc062723c751e8b465ee728b)
Start importing Assets/TAMIYANOMAR/Script/TAMIYANOMAR_stage_manager.cs using Guid(97516a7dd3b01e94d9c882c7a8310448) Importer(815301076,1909f56bfc062723c751e8b465ee728b)  -> (artifact id: 'fbcf1f1f2e1b8d82e48d5f5074b0a72b') in 0.011926 seconds 
========================================================================
Received Prepare
Registering precompiled user dll's ...
Registered in 0.009390 seconds.
Begin MonoManager ReloadAssembly
Symbol file LoadedFromMemory doesn't match image C:\Users\tami1\MyHome\UnityProjects\UnityRPG\Library\PackageCache\com.unity.visualscripting@1.7.8\Editor\VisualScripting.Core\Dependencies\YamlDotNet\Unity.VisualScripting.YamlDotNet.dll
Symbol file LoadedFromMemory doesn't match image C:\Users\tami1\MyHome\UnityProjects\UnityRPG\Library\PackageCache\com.unity.visualscripting@1.7.8\Editor\VisualScripting.Core\Dependencies\DotNetZip\Unity.VisualScripting.IonicZip.dll
Native extension for WindowsStandalone target not found
Native extension for WebGL target not found
Refreshing native plugins compatible for Editor in 0.52 ms, found 3 plugins.
Preloading 0 native plugins for Editor in 0.00 ms.
Mono: successfully reloaded assembly
- Completed reload, in  1.121 seconds
Domain Reload Profiling:
	ReloadAssembly (1122ms)
		BeginReloadAssembly (167ms)
			ExecutionOrderSort (0ms)
			DisableScriptedObjects (6ms)
			BackupInstance (0ms)
			ReleaseScriptingObjects (0ms)
			CreateAndSetChildDomain (46ms)
		EndReloadAssembly (837ms)
			LoadAssemblies (105ms)
			RebuildTransferFunctionScriptingTraits (0ms)
			SetupTypeCache (295ms)
			ReleaseScriptCaches (2ms)
			RebuildScriptCaches (52ms)
			SetupLoadedEditorAssemblies (344ms)
				LogAssemblyErrors (0ms)
				InitializePlatformSupportModulesInManaged (16ms)
				SetLoadedEditorAssemblies (0ms)
				RefreshPlugins (1ms)
				BeforeProcessingInitializeOnLoad (78ms)
				ProcessInitializeOnLoadAttributes (212ms)
				ProcessInitializeOnLoadMethodAttributes (25ms)
				AfterProcessingInitializeOnLoad (12ms)
				EditorAssembliesLoaded (0ms)
			ExecutionOrderSort2 (0ms)
			AwakeInstancesAfterBackupRestoration (10ms)
Platform modules already initialized, skipping
Refreshing native plugins compatible for Editor in 2.21 ms, found 3 plugins.
Preloading 0 native plugins for Editor in 0.00 ms.
Unloading 3356 Unused Serialized files (Serialized files now loaded: 0)
Unloading 18 unused Assets / (24.6 KB). Loaded Objects now: 3828.
Memory consumption went from 115.2 MB to 115.2 MB.
Total: 2.784100 ms (FindLiveObjects: 0.245200 ms CreateObjectMapping: 0.237000 ms MarkObjects: 2.276900 ms  DeleteObjects: 0.023600 ms)

AssetImportParameters requested are different than current active one (requested -> active):
  custom:video-decoder-ogg-theora: a1e56fd34408186e4bbccfd4996cb3dc -> 
  custom:container-muxer-webm: aa71ff27fc2769a1b78a27578f13a17b -> 
  custom:container-demuxer-webm: 4f35f7cbe854078d1ac9338744f61a02 -> 
  custom:video-encoder-webm-vp8: eb34c28f22e8b96e1ab97ce403110664 -> 
  custom:video-codec-MediaFoundation-h265: 746d11721c4dcdbdad8f713fa42b33f4 -> 
  custom:audio-encoder-webm-vorbis: bf7c407c2cedff20999df2af8eb42d56 -> 
  custom:framework-win-MediaFoundation: 216162199b28c13a410421893ffa2e32 -> 
  custom:container-demuxer-ogg: 62fdf1f143b41e24485cea50d1cbac27 -> 
  custom:video-decoder-webm-vp8: 9c59270c3fd7afecdb556c50c9e8de78 -> 
  custom:audio-decoder-ogg-vorbis: bf7c407c2cedff20999df2af8eb42d56 -> 
========================================================================
Received Import Request.
  Time since last request: 47.406485 seconds.
  path: Assets/TAMIYANOMAR/Script/TAMIYANOMAR_stage_manager.cs
  artifactKey: Guid(97516a7dd3b01e94d9c882c7a8310448) Importer(815301076,1909f56bfc062723c751e8b465ee728b)
Start importing Assets/TAMIYANOMAR/Script/TAMIYANOMAR_stage_manager.cs using Guid(97516a7dd3b01e94d9c882c7a8310448) Importer(815301076,1909f56bfc062723c751e8b465ee728b)  -> (artifact id: '996536c3209a0205ec05cdb83a3f1d52') in 0.008231 seconds 
========================================================================
Received Import Request.
  Time since last request: 84.239160 seconds.
  path: Assets/TAMIYANOMAR/Script/TAMIYANOMAR_stage_manager.cs
  artifactKey: Guid(97516a7dd3b01e94d9c882c7a8310448) Importer(815301076,1909f56bfc062723c751e8b465ee728b)
Start importing Assets/TAMIYANOMAR/Script/TAMIYANOMAR_stage_manager.cs using Guid(97516a7dd3b01e94d9c882c7a8310448) Importer(815301076,1909f56bfc062723c751e8b465ee728b)  -> (artifact id: '773de9ad21ddeee9f3c99b9f36e55a67') in 0.002201 seconds 
========================================================================
Received Import Request.
  Time since last request: 10.432283 seconds.
  path: Assets/TAMIYANOMAR/Script/TAMIYANOMAR_stage_manager.cs
  artifactKey: Guid(97516a7dd3b01e94d9c882c7a8310448) Importer(815301076,1909f56bfc062723c751e8b465ee728b)
Start importing Assets/TAMIYANOMAR/Script/TAMIYANOMAR_stage_manager.cs using Guid(97516a7dd3b01e94d9c882c7a8310448) Importer(815301076,1909f56bfc062723c751e8b465ee728b)  -> (artifact id: 'b4f0a43e8de2c0407d2e6ee10ac59ee0') in 0.002687 seconds 
========================================================================
Received Import Request.
  Time since last request: 7.032898 seconds.
  path: Assets/TAMIYANOMAR/Script/TAMIYANOMAR_stage_manager.cs
  artifactKey: Guid(97516a7dd3b01e94d9c882c7a8310448) Importer(815301076,1909f56bfc062723c751e8b465ee728b)
Start importing Assets/TAMIYANOMAR/Script/TAMIYANOMAR_stage_manager.cs using Guid(97516a7dd3b01e94d9c882c7a8310448) Importer(815301076,1909f56bfc062723c751e8b465ee728b)  -> (artifact id: 'd97272e0d5f2cd02b42e35f85e6ef1e7') in 0.002210 seconds 
========================================================================
Received Import Request.
  Time since last request: 15.994395 seconds.
  path: Assets/TAMIYANOMAR/Script/TAMIYANOMAR_stage_manager.cs
  artifactKey: Guid(97516a7dd3b01e94d9c882c7a8310448) Importer(815301076,1909f56bfc062723c751e8b465ee728b)
Start importing Assets/TAMIYANOMAR/Script/TAMIYANOMAR_stage_manager.cs using Guid(97516a7dd3b01e94d9c882c7a8310448) Importer(815301076,1909f56bfc062723c751e8b465ee728b)  -> (artifact id: 'e1c064a4cd8c80435ae7199b973b08aa') in 0.002471 seconds 
========================================================================
Received Prepare
Registering precompiled user dll's ...
Registered in 0.007286 seconds.
Begin MonoManager ReloadAssembly
Symbol file LoadedFromMemory doesn't match image C:\Users\tami1\MyHome\UnityProjects\UnityRPG\Library\PackageCache\com.unity.visualscripting@1.7.8\Editor\VisualScripting.Core\Dependencies\YamlDotNet\Unity.VisualScripting.YamlDotNet.dll
Symbol file LoadedFromMemory doesn't match image C:\Users\tami1\MyHome\UnityProjects\UnityRPG\Library\PackageCache\com.unity.visualscripting@1.7.8\Editor\VisualScripting.Core\Dependencies\DotNetZip\Unity.VisualScripting.IonicZip.dll
Native extension for WindowsStandalone target not found
Native extension for WebGL target not found
Refreshing native plugins compatible for Editor in 0.51 ms, found 3 plugins.
Preloading 0 native plugins for Editor in 0.00 ms.
Mono: successfully reloaded assembly
- Completed reload, in  1.067 seconds
Domain Reload Profiling:
	ReloadAssembly (1067ms)
		BeginReloadAssembly (149ms)
			ExecutionOrderSort (0ms)
			DisableScriptedObjects (6ms)
			BackupInstance (0ms)
			ReleaseScriptingObjects (0ms)
			CreateAndSetChildDomain (38ms)
		EndReloadAssembly (786ms)
			LoadAssemblies (96ms)
			RebuildTransferFunctionScriptingTraits (0ms)
			SetupTypeCache (286ms)
			ReleaseScriptCaches (1ms)
			RebuildScriptCaches (39ms)
			SetupLoadedEditorAssemblies (326ms)
				LogAssemblyErrors (0ms)
				InitializePlatformSupportModulesInManaged (15ms)
				SetLoadedEditorAssemblies (0ms)
				RefreshPlugins (1ms)
				BeforeProcessingInitializeOnLoad (72ms)
				ProcessInitializeOnLoadAttributes (204ms)
				ProcessInitializeOnLoadMethodAttributes (22ms)
				AfterProcessingInitializeOnLoad (11ms)
				EditorAssembliesLoaded (0ms)
			ExecutionOrderSort2 (0ms)
			AwakeInstancesAfterBackupRestoration (10ms)
Platform modules already initialized, skipping
Refreshing native plugins compatible for Editor in 1.96 ms, found 3 plugins.
Preloading 0 native plugins for Editor in 0.00 ms.
Unloading 3356 Unused Serialized files (Serialized files now loaded: 0)
Unloading 18 unused Assets / (24.7 KB). Loaded Objects now: 3831.
Memory consumption went from 115.2 MB to 115.2 MB.
Total: 3.043800 ms (FindLiveObjects: 0.236900 ms CreateObjectMapping: 0.153100 ms MarkObjects: 2.627400 ms  DeleteObjects: 0.025500 ms)

AssetImportParameters requested are different than current active one (requested -> active):
  custom:video-decoder-ogg-theora: a1e56fd34408186e4bbccfd4996cb3dc -> 
  custom:container-muxer-webm: aa71ff27fc2769a1b78a27578f13a17b -> 
  custom:container-demuxer-webm: 4f35f7cbe854078d1ac9338744f61a02 -> 
  custom:video-encoder-webm-vp8: eb34c28f22e8b96e1ab97ce403110664 -> 
  custom:video-codec-MediaFoundation-h265: 746d11721c4dcdbdad8f713fa42b33f4 -> 
  custom:audio-encoder-webm-vorbis: bf7c407c2cedff20999df2af8eb42d56 -> 
  custom:framework-win-MediaFoundation: 216162199b28c13a410421893ffa2e32 -> 
  custom:container-demuxer-ogg: 62fdf1f143b41e24485cea50d1cbac27 -> 
  custom:video-decoder-webm-vp8: 9c59270c3fd7afecdb556c50c9e8de78 -> 
  custom:audio-decoder-ogg-vorbis: bf7c407c2cedff20999df2af8eb42d56 -> 
========================================================================
Received Import Request.
  Time since last request: 145.599808 seconds.
  path: Assets/TAMIYANOMAR/Script/TAMIYANOMAR_game_manager.cs
  artifactKey: Guid(f6d76ebbb2aef7d4aa19ec453a300edb) Importer(815301076,1909f56bfc062723c751e8b465ee728b)
Start importing Assets/TAMIYANOMAR/Script/TAMIYANOMAR_game_manager.cs using Guid(f6d76ebbb2aef7d4aa19ec453a300edb) Importer(815301076,1909f56bfc062723c751e8b465ee728b)  -> (artifact id: '8745ca6c62cc1dead86ec4e55fc625b5') in 0.006674 seconds 
========================================================================
Received Import Request.
  Time since last request: 78.426497 seconds.
  path: Assets/TAMIYANOMAR/Script/TAMIYANOMAR_quest_manager.cs
  artifactKey: Guid(63a72584ae228b94e99030465705e993) Importer(815301076,1909f56bfc062723c751e8b465ee728b)
Start importing Assets/TAMIYANOMAR/Script/TAMIYANOMAR_quest_manager.cs using Guid(63a72584ae228b94e99030465705e993) Importer(815301076,1909f56bfc062723c751e8b465ee728b)  -> (artifact id: 'e69ddd9f065699478fb4f2419731845e') in 0.006855 seconds 
========================================================================
Received Prepare
Registering precompiled user dll's ...
Registered in 0.008106 seconds.
Begin MonoManager ReloadAssembly
Symbol file LoadedFromMemory doesn't match image C:\Users\tami1\MyHome\UnityProjects\UnityRPG\Library\PackageCache\com.unity.visualscripting@1.7.8\Editor\VisualScripting.Core\Dependencies\YamlDotNet\Unity.VisualScripting.YamlDotNet.dll
Symbol file LoadedFromMemory doesn't match image C:\Users\tami1\MyHome\UnityProjects\UnityRPG\Library\PackageCache\com.unity.visualscripting@1.7.8\Editor\VisualScripting.Core\Dependencies\DotNetZip\Unity.VisualScripting.IonicZip.dll
Native extension for WindowsStandalone target not found
Native extension for WebGL target not found
Refreshing native plugins compatible for Editor in 0.63 ms, found 3 plugins.
Preloading 0 native plugins for Editor in 0.00 ms.
Mono: successfully reloaded assembly
- Completed reload, in  1.084 seconds
Domain Reload Profiling:
	ReloadAssembly (1085ms)
		BeginReloadAssembly (156ms)
			ExecutionOrderSort (0ms)
			DisableScriptedObjects (6ms)
			BackupInstance (0ms)
			ReleaseScriptingObjects (0ms)
			CreateAndSetChildDomain (45ms)
		EndReloadAssembly (817ms)
			LoadAssemblies (97ms)
			RebuildTransferFunctionScriptingTraits (0ms)
			SetupTypeCache (270ms)
			ReleaseScriptCaches (1ms)
			RebuildScriptCaches (45ms)
			SetupLoadedEditorAssemblies (363ms)
				LogAssemblyErrors (0ms)
				InitializePlatformSupportModulesInManaged (16ms)
				SetLoadedEditorAssemblies (0ms)
				RefreshPlugins (1ms)
				BeforeProcessingInitializeOnLoad (76ms)
				ProcessInitializeOnLoadAttributes (229ms)
				ProcessInitializeOnLoadMethodAttributes (27ms)
				AfterProcessingInitializeOnLoad (13ms)
				EditorAssembliesLoaded (0ms)
			ExecutionOrderSort2 (0ms)
			AwakeInstancesAfterBackupRestoration (14ms)
Platform modules already initialized, skipping
Refreshing native plugins compatible for Editor in 1.92 ms, found 3 plugins.
Preloading 0 native plugins for Editor in 0.00 ms.
Unloading 3357 Unused Serialized files (Serialized files now loaded: 0)
Unloading 18 unused Assets / (24.8 KB). Loaded Objects now: 3835.
Memory consumption went from 115.3 MB to 115.2 MB.
Total: 2.595800 ms (FindLiveObjects: 0.245300 ms CreateObjectMapping: 0.157100 ms MarkObjects: 2.171800 ms  DeleteObjects: 0.020700 ms)

AssetImportParameters requested are different than current active one (requested -> active):
  custom:video-decoder-ogg-theora: a1e56fd34408186e4bbccfd4996cb3dc -> 
  custom:container-muxer-webm: aa71ff27fc2769a1b78a27578f13a17b -> 
  custom:container-demuxer-webm: 4f35f7cbe854078d1ac9338744f61a02 -> 
  custom:video-encoder-webm-vp8: eb34c28f22e8b96e1ab97ce403110664 -> 
  custom:video-codec-MediaFoundation-h265: 746d11721c4dcdbdad8f713fa42b33f4 -> 
  custom:audio-encoder-webm-vorbis: bf7c407c2cedff20999df2af8eb42d56 -> 
  custom:framework-win-MediaFoundation: 216162199b28c13a410421893ffa2e32 -> 
  custom:container-demuxer-ogg: 62fdf1f143b41e24485cea50d1cbac27 -> 
  custom:video-decoder-webm-vp8: 9c59270c3fd7afecdb556c50c9e8de78 -> 
  custom:audio-decoder-ogg-vorbis: bf7c407c2cedff20999df2af8eb42d56 -> 
========================================================================
Received Import Request.
  Time since last request: 42.414380 seconds.
  path: Assets/TAMIYANOMAR/Script/TAMIYANOMAR_quest_manager.cs
  artifactKey: Guid(63a72584ae228b94e99030465705e993) Importer(815301076,1909f56bfc062723c751e8b465ee728b)
Start importing Assets/TAMIYANOMAR/Script/TAMIYANOMAR_quest_manager.cs using Guid(63a72584ae228b94e99030465705e993) Importer(815301076,1909f56bfc062723c751e8b465ee728b)  -> (artifact id: '336a9a73050390b627a00b7153b4db1b') in 0.007871 seconds 
========================================================================
Received Import Request.
  Time since last request: 29.149539 seconds.
  path: Assets/TAMIYANOMAR/Script/TAMIYANOMAR_quest_manager.cs
  artifactKey: Guid(63a72584ae228b94e99030465705e993) Importer(815301076,1909f56bfc062723c751e8b465ee728b)
Start importing Assets/TAMIYANOMAR/Script/TAMIYANOMAR_quest_manager.cs using Guid(63a72584ae228b94e99030465705e993) Importer(815301076,1909f56bfc062723c751e8b465ee728b)  -> (artifact id: '2e455ced6c592ae98e33c2d9f15b6566') in 0.002189 seconds 
========================================================================
Received Import Request.
  Time since last request: 280.507562 seconds.
  path: Assets/TAMIYANOMAR/Script/TAMIYANOMAR_quest_manager.cs
  artifactKey: Guid(63a72584ae228b94e99030465705e993) Importer(815301076,1909f56bfc062723c751e8b465ee728b)
Start importing Assets/TAMIYANOMAR/Script/TAMIYANOMAR_quest_manager.cs using Guid(63a72584ae228b94e99030465705e993) Importer(815301076,1909f56bfc062723c751e8b465ee728b)  -> (artifact id: '29b332b9c4c75ec55d37b9434a4be401') in 0.002968 seconds 
========================================================================
Received Import Request.
  Time since last request: 40.299547 seconds.
  path: Assets/TAMIYANOMAR/Script/TAMIYANOMAR_quest_manager.cs
  artifactKey: Guid(63a72584ae228b94e99030465705e993) Importer(815301076,1909f56bfc062723c751e8b465ee728b)
Start importing Assets/TAMIYANOMAR/Script/TAMIYANOMAR_quest_manager.cs using Guid(63a72584ae228b94e99030465705e993) Importer(815301076,1909f56bfc062723c751e8b465ee728b)  -> (artifact id: '848d5a289db309049094b11b5a22f4d1') in 0.002149 seconds 
========================================================================
Received Import Request.
  Time since last request: 31.330994 seconds.
  path: Assets/TAMIYANOMAR/Script/TAMIYANOMAR_quest_manager.cs
  artifactKey: Guid(63a72584ae228b94e99030465705e993) Importer(815301076,1909f56bfc062723c751e8b465ee728b)
Start importing Assets/TAMIYANOMAR/Script/TAMIYANOMAR_quest_manager.cs using Guid(63a72584ae228b94e99030465705e993) Importer(815301076,1909f56bfc062723c751e8b465ee728b)  -> (artifact id: 'f3e189f911f69e025cb3ecd2b972cc1d') in 0.002806 seconds 
========================================================================
Received Import Request.
  Time since last request: 171.897398 seconds.
  path: Assets/TAMIYANOMAR/Script/TAMIYANOMAR_quest_manager.cs
  artifactKey: Guid(63a72584ae228b94e99030465705e993) Importer(815301076,1909f56bfc062723c751e8b465ee728b)
Start importing Assets/TAMIYANOMAR/Script/TAMIYANOMAR_quest_manager.cs using Guid(63a72584ae228b94e99030465705e993) Importer(815301076,1909f56bfc062723c751e8b465ee728b)  -> (artifact id: 'd37fe86f08ce9a22ae8e85cb89b4f505') in 0.002621 seconds 
========================================================================
Received Import Request.
  Time since last request: 382.326052 seconds.
  path: Assets/TAMIYANOMAR/Script/TAMIYANOMAR_quest_manager.cs
  artifactKey: Guid(63a72584ae228b94e99030465705e993) Importer(815301076,1909f56bfc062723c751e8b465ee728b)
Start importing Assets/TAMIYANOMAR/Script/TAMIYANOMAR_quest_manager.cs using Guid(63a72584ae228b94e99030465705e993) Importer(815301076,1909f56bfc062723c751e8b465ee728b)  -> (artifact id: 'fbdc1ecb7c8c285fa183788586a42584') in 0.002589 seconds 
========================================================================
Received Import Request.
  Time since last request: 57.059893 seconds.
  path: Assets/TAMIYANOMAR/Script/TAMIYANOMAR_quest_manager.cs
  artifactKey: Guid(63a72584ae228b94e99030465705e993) Importer(815301076,1909f56bfc062723c751e8b465ee728b)
Start importing Assets/TAMIYANOMAR/Script/TAMIYANOMAR_quest_manager.cs using Guid(63a72584ae228b94e99030465705e993) Importer(815301076,1909f56bfc062723c751e8b465ee728b)  -> (artifact id: '6185877707dc2f69809ccfd4cc305317') in 0.002120 seconds 
========================================================================
Received Import Request.
  Time since last request: 41.949111 seconds.
  path: Assets/TAMIYANOMAR/Script/TAMIYANOMAR_quest_manager.cs
  artifactKey: Guid(63a72584ae228b94e99030465705e993) Importer(815301076,1909f56bfc062723c751e8b465ee728b)
Start importing Assets/TAMIYANOMAR/Script/TAMIYANOMAR_quest_manager.cs using Guid(63a72584ae228b94e99030465705e993) Importer(815301076,1909f56bfc062723c751e8b465ee728b)  -> (artifact id: 'e970a0b7bb7c526d2106e4bfde95ab5c') in 0.002570 seconds 
========================================================================
Received Prepare
Registering precompiled user dll's ...
Registered in 0.008927 seconds.
Begin MonoManager ReloadAssembly
Symbol file LoadedFromMemory doesn't match image C:\Users\tami1\MyHome\UnityProjects\UnityRPG\Library\PackageCache\com.unity.visualscripting@1.7.8\Editor\VisualScripting.Core\Dependencies\YamlDotNet\Unity.VisualScripting.YamlDotNet.dll
Symbol file LoadedFromMemory doesn't match image C:\Users\tami1\MyHome\UnityProjects\UnityRPG\Library\PackageCache\com.unity.visualscripting@1.7.8\Editor\VisualScripting.Core\Dependencies\DotNetZip\Unity.VisualScripting.IonicZip.dll
Native extension for WindowsStandalone target not found
Native extension for WebGL target not found
Refreshing native plugins compatible for Editor in 0.57 ms, found 3 plugins.
Preloading 0 native plugins for Editor in 0.00 ms.
Mono: successfully reloaded assembly
- Completed reload, in  1.011 seconds
Domain Reload Profiling:
	ReloadAssembly (1012ms)
		BeginReloadAssembly (150ms)
			ExecutionOrderSort (0ms)
			DisableScriptedObjects (8ms)
			BackupInstance (0ms)
			ReleaseScriptingObjects (0ms)
			CreateAndSetChildDomain (39ms)
		EndReloadAssembly (760ms)
			LoadAssemblies (91ms)
			RebuildTransferFunctionScriptingTraits (0ms)
			SetupTypeCache (259ms)
			ReleaseScriptCaches (1ms)
			RebuildScriptCaches (39ms)
			SetupLoadedEditorAssemblies (328ms)
				LogAssemblyErrors (0ms)
				InitializePlatformSupportModulesInManaged (15ms)
				SetLoadedEditorAssemblies (0ms)
				RefreshPlugins (1ms)
				BeforeProcessingInitializeOnLoad (76ms)
				ProcessInitializeOnLoadAttributes (202ms)
				ProcessInitializeOnLoadMethodAttributes (23ms)
				AfterProcessingInitializeOnLoad (12ms)
				EditorAssembliesLoaded (0ms)
			ExecutionOrderSort2 (0ms)
			AwakeInstancesAfterBackupRestoration (10ms)
Platform modules already initialized, skipping
Refreshing native plugins compatible for Editor in 1.98 ms, found 3 plugins.
Preloading 0 native plugins for Editor in 0.00 ms.
Unloading 3357 Unused Serialized files (Serialized files now loaded: 0)
Unloading 18 unused Assets / (24.6 KB). Loaded Objects now: 3838.
Memory consumption went from 115.3 MB to 115.2 MB.
Total: 3.075400 ms (FindLiveObjects: 0.256800 ms CreateObjectMapping: 0.213100 ms MarkObjects: 2.582500 ms  DeleteObjects: 0.022100 ms)

AssetImportParameters requested are different than current active one (requested -> active):
  custom:video-decoder-ogg-theora: a1e56fd34408186e4bbccfd4996cb3dc -> 
  custom:container-muxer-webm: aa71ff27fc2769a1b78a27578f13a17b -> 
  custom:container-demuxer-webm: 4f35f7cbe854078d1ac9338744f61a02 -> 
  custom:video-encoder-webm-vp8: eb34c28f22e8b96e1ab97ce403110664 -> 
  custom:video-codec-MediaFoundation-h265: 746d11721c4dcdbdad8f713fa42b33f4 -> 
  custom:audio-encoder-webm-vorbis: bf7c407c2cedff20999df2af8eb42d56 -> 
  custom:framework-win-MediaFoundation: 216162199b28c13a410421893ffa2e32 -> 
  custom:container-demuxer-ogg: 62fdf1f143b41e24485cea50d1cbac27 -> 
  custom:video-decoder-webm-vp8: 9c59270c3fd7afecdb556c50c9e8de78 -> 
  custom:audio-decoder-ogg-vorbis: bf7c407c2cedff20999df2af8eb42d56 -> 
========================================================================
Received Import Request.
  Time since last request: 34.433514 seconds.
  path: Assets/TAMIYANOMAR/Script/TAMIYANOMAR_battle_manager.cs
  artifactKey: Guid(1fcc4575d397a794590c589b116800a1) Importer(815301076,1909f56bfc062723c751e8b465ee728b)
Start importing Assets/TAMIYANOMAR/Script/TAMIYANOMAR_battle_manager.cs using Guid(1fcc4575d397a794590c589b116800a1) Importer(815301076,1909f56bfc062723c751e8b465ee728b)  -> (artifact id: 'cf077ea1c6e28ed0b38513184f08be44') in 0.010177 seconds 
========================================================================
Received Prepare
Registering precompiled user dll's ...
Registered in 0.008842 seconds.
Begin MonoManager ReloadAssembly
Symbol file LoadedFromMemory doesn't match image C:\Users\tami1\MyHome\UnityProjects\UnityRPG\Library\PackageCache\com.unity.visualscripting@1.7.8\Editor\VisualScripting.Core\Dependencies\YamlDotNet\Unity.VisualScripting.YamlDotNet.dll
Symbol file LoadedFromMemory doesn't match image C:\Users\tami1\MyHome\UnityProjects\UnityRPG\Library\PackageCache\com.unity.visualscripting@1.7.8\Editor\VisualScripting.Core\Dependencies\DotNetZip\Unity.VisualScripting.IonicZip.dll
Native extension for WindowsStandalone target not found
Native extension for WebGL target not found
Refreshing native plugins compatible for Editor in 0.53 ms, found 3 plugins.
Preloading 0 native plugins for Editor in 0.00 ms.
Mono: successfully reloaded assembly
- Completed reload, in  1.159 seconds
Domain Reload Profiling:
	ReloadAssembly (1160ms)
		BeginReloadAssembly (231ms)
			ExecutionOrderSort (0ms)
			DisableScriptedObjects (11ms)
			BackupInstance (0ms)
			ReleaseScriptingObjects (0ms)
			CreateAndSetChildDomain (53ms)
		EndReloadAssembly (810ms)
			LoadAssemblies (123ms)
			RebuildTransferFunctionScriptingTraits (0ms)
			SetupTypeCache (281ms)
			ReleaseScriptCaches (1ms)
			RebuildScriptCaches (40ms)
			SetupLoadedEditorAssemblies (348ms)
				LogAssemblyErrors (0ms)
				InitializePlatformSupportModulesInManaged (14ms)
				SetLoadedEditorAssemblies (0ms)
				RefreshPlugins (1ms)
				BeforeProcessingInitializeOnLoad (75ms)
				ProcessInitializeOnLoadAttributes (218ms)
				ProcessInitializeOnLoadMethodAttributes (28ms)
				AfterProcessingInitializeOnLoad (12ms)
				EditorAssembliesLoaded (0ms)
			ExecutionOrderSort2 (0ms)
			AwakeInstancesAfterBackupRestoration (10ms)
Platform modules already initialized, skipping
Refreshing native plugins compatible for Editor in 1.95 ms, found 3 plugins.
Preloading 0 native plugins for Editor in 0.00 ms.
Unloading 3358 Unused Serialized files (Serialized files now loaded: 0)
Unloading 18 unused Assets / (24.6 KB). Loaded Objects now: 3842.
Memory consumption went from 115.3 MB to 115.3 MB.
Total: 3.169100 ms (FindLiveObjects: 0.311300 ms CreateObjectMapping: 0.215800 ms MarkObjects: 2.617600 ms  DeleteObjects: 0.023400 ms)

AssetImportParameters requested are different than current active one (requested -> active):
  custom:video-decoder-ogg-theora: a1e56fd34408186e4bbccfd4996cb3dc -> 
  custom:container-muxer-webm: aa71ff27fc2769a1b78a27578f13a17b -> 
  custom:container-demuxer-webm: 4f35f7cbe854078d1ac9338744f61a02 -> 
  custom:video-encoder-webm-vp8: eb34c28f22e8b96e1ab97ce403110664 -> 
  custom:video-codec-MediaFoundation-h265: 746d11721c4dcdbdad8f713fa42b33f4 -> 
  custom:audio-encoder-webm-vorbis: bf7c407c2cedff20999df2af8eb42d56 -> 
  custom:framework-win-MediaFoundation: 216162199b28c13a410421893ffa2e32 -> 
  custom:container-demuxer-ogg: 62fdf1f143b41e24485cea50d1cbac27 -> 
  custom:video-decoder-webm-vp8: 9c59270c3fd7afecdb556c50c9e8de78 -> 
  custom:audio-decoder-ogg-vorbis: bf7c407c2cedff20999df2af8eb42d56 -> 
========================================================================
Received Import Request.
  Time since last request: 61.352758 seconds.
  path: Assets/TAMIYANOMAR/Script/TAMIYANOMAR_battle_manager.cs
  artifactKey: Guid(1fcc4575d397a794590c589b116800a1) Importer(815301076,1909f56bfc062723c751e8b465ee728b)
Start importing Assets/TAMIYANOMAR/Script/TAMIYANOMAR_battle_manager.cs using Guid(1fcc4575d397a794590c589b116800a1) Importer(815301076,1909f56bfc062723c751e8b465ee728b)  -> (artifact id: 'be2ee8e5a777e619043ab82397ca716f') in 0.007164 seconds 
========================================================================
Received Import Request.
  Time since last request: 3.194450 seconds.
  path: Assets/TAMIYANOMAR/Script/TAMIYANOMAR_battle_manager.cs
  artifactKey: Guid(1fcc4575d397a794590c589b116800a1) Importer(815301076,1909f56bfc062723c751e8b465ee728b)
Start importing Assets/TAMIYANOMAR/Script/TAMIYANOMAR_battle_manager.cs using Guid(1fcc4575d397a794590c589b116800a1) Importer(815301076,1909f56bfc062723c751e8b465ee728b)  -> (artifact id: '521a5e11ca8314ddf8419f2d768cd667') in 0.002526 seconds 
========================================================================
Received Import Request.
  Time since last request: 1.160458 seconds.
  path: Assets/TAMIYANOMAR/Script/TAMIYANOMAR_battle_manager.cs
  artifactKey: Guid(1fcc4575d397a794590c589b116800a1) Importer(815301076,1909f56bfc062723c751e8b465ee728b)
Start importing Assets/TAMIYANOMAR/Script/TAMIYANOMAR_battle_manager.cs using Guid(1fcc4575d397a794590c589b116800a1) Importer(815301076,1909f56bfc062723c751e8b465ee728b)  -> (artifact id: '9f186deaeee4f3f77e5315c37a498f06') in 0.003422 seconds 
========================================================================
Received Import Request.
  Time since last request: 184.508804 seconds.
  path: Assets/TAMIYANOMAR/Script/TAMIYANOMAR_battle_manager.cs
  artifactKey: Guid(1fcc4575d397a794590c589b116800a1) Importer(815301076,1909f56bfc062723c751e8b465ee728b)
Start importing Assets/TAMIYANOMAR/Script/TAMIYANOMAR_battle_manager.cs using Guid(1fcc4575d397a794590c589b116800a1) Importer(815301076,1909f56bfc062723c751e8b465ee728b)  -> (artifact id: '1c12b688ee3d49ea21e0799b916dfddc') in 0.002264 seconds 
========================================================================
Received Import Request.
  Time since last request: 47.293337 seconds.
  path: Assets/TAMIYANOMAR/Script/TAMIYANOMAR_battle_manager.cs
  artifactKey: Guid(1fcc4575d397a794590c589b116800a1) Importer(815301076,1909f56bfc062723c751e8b465ee728b)
Start importing Assets/TAMIYANOMAR/Script/TAMIYANOMAR_battle_manager.cs using Guid(1fcc4575d397a794590c589b116800a1) Importer(815301076,1909f56bfc062723c751e8b465ee728b)  -> (artifact id: '27b3910abf76e9cf6c137bec95be4db8') in 0.002607 seconds 
========================================================================
Received Import Request.
  Time since last request: 231.742111 seconds.
  path: Assets/TAMIYANOMAR/Script/TAMIYANOMAR_battle_manager.cs
  artifactKey: Guid(1fcc4575d397a794590c589b116800a1) Importer(815301076,1909f56bfc062723c751e8b465ee728b)
Start importing Assets/TAMIYANOMAR/Script/TAMIYANOMAR_battle_manager.cs using Guid(1fcc4575d397a794590c589b116800a1) Importer(815301076,1909f56bfc062723c751e8b465ee728b)  -> (artifact id: '0a7148ddd7f702852543e6089f323c12') in 0.003242 seconds 
========================================================================
Received Import Request.
  Time since last request: 211.272391 seconds.
  path: Assets/TAMIYANOMAR/Script/TAMIYANOMAR_battle_manager.cs
  artifactKey: Guid(1fcc4575d397a794590c589b116800a1) Importer(815301076,1909f56bfc062723c751e8b465ee728b)
Start importing Assets/TAMIYANOMAR/Script/TAMIYANOMAR_battle_manager.cs using Guid(1fcc4575d397a794590c589b116800a1) Importer(815301076,1909f56bfc062723c751e8b465ee728b)  -> (artifact id: 'b305408e5cfa5501fa52a2b7b7460068') in 0.002929 seconds 
========================================================================
Received Import Request.
  Time since last request: 58.855343 seconds.
  path: Assets/TAMIYANOMAR/Script/TAMIYANOMAR_battle_manager.cs
  artifactKey: Guid(1fcc4575d397a794590c589b116800a1) Importer(815301076,1909f56bfc062723c751e8b465ee728b)
Start importing Assets/TAMIYANOMAR/Script/TAMIYANOMAR_battle_manager.cs using Guid(1fcc4575d397a794590c589b116800a1) Importer(815301076,1909f56bfc062723c751e8b465ee728b)  -> (artifact id: 'b27d6422eb65af51d88d3e52b0c3586a') in 0.002212 seconds 
========================================================================
Received Prepare
Registering precompiled user dll's ...
Registered in 0.008225 seconds.
Begin MonoManager ReloadAssembly
Symbol file LoadedFromMemory doesn't match image C:\Users\tami1\MyHome\UnityProjects\UnityRPG\Library\PackageCache\com.unity.visualscripting@1.7.8\Editor\VisualScripting.Core\Dependencies\YamlDotNet\Unity.VisualScripting.YamlDotNet.dll
Symbol file LoadedFromMemory doesn't match image C:\Users\tami1\MyHome\UnityProjects\UnityRPG\Library\PackageCache\com.unity.visualscripting@1.7.8\Editor\VisualScripting.Core\Dependencies\DotNetZip\Unity.VisualScripting.IonicZip.dll
Native extension for WindowsStandalone target not found
Native extension for WebGL target not found
Refreshing native plugins compatible for Editor in 0.53 ms, found 3 plugins.
Preloading 0 native plugins for Editor in 0.00 ms.
Mono: successfully reloaded assembly
- Completed reload, in  1.053 seconds
Domain Reload Profiling:
	ReloadAssembly (1053ms)
		BeginReloadAssembly (151ms)
			ExecutionOrderSort (0ms)
			DisableScriptedObjects (7ms)
			BackupInstance (0ms)
			ReleaseScriptingObjects (0ms)
			CreateAndSetChildDomain (38ms)
		EndReloadAssembly (787ms)
			LoadAssemblies (100ms)
			RebuildTransferFunctionScriptingTraits (0ms)
			SetupTypeCache (278ms)
			ReleaseScriptCaches (1ms)
			RebuildScriptCaches (37ms)
			SetupLoadedEditorAssemblies (328ms)
				LogAssemblyErrors (0ms)
				InitializePlatformSupportModulesInManaged (18ms)
				SetLoadedEditorAssemblies (0ms)
				RefreshPlugins (1ms)
				BeforeProcessingInitializeOnLoad (73ms)
				ProcessInitializeOnLoadAttributes (200ms)
				ProcessInitializeOnLoadMethodAttributes (23ms)
				AfterProcessingInitializeOnLoad (12ms)
				EditorAssembliesLoaded (0ms)
			ExecutionOrderSort2 (0ms)
			AwakeInstancesAfterBackupRestoration (11ms)
Platform modules already initialized, skipping
Refreshing native plugins compatible for Editor in 1.82 ms, found 3 plugins.
Preloading 0 native plugins for Editor in 0.00 ms.
Unloading 3358 Unused Serialized files (Serialized files now loaded: 0)
Unloading 18 unused Assets / (24.6 KB). Loaded Objects now: 3845.
Memory consumption went from 115.3 MB to 115.3 MB.
Total: 2.903400 ms (FindLiveObjects: 0.246500 ms CreateObjectMapping: 0.144800 ms MarkObjects: 2.488300 ms  DeleteObjects: 0.023200 ms)

AssetImportParameters requested are different than current active one (requested -> active):
  custom:video-decoder-ogg-theora: a1e56fd34408186e4bbccfd4996cb3dc -> 
  custom:container-muxer-webm: aa71ff27fc2769a1b78a27578f13a17b -> 
  custom:container-demuxer-webm: 4f35f7cbe854078d1ac9338744f61a02 -> 
  custom:video-encoder-webm-vp8: eb34c28f22e8b96e1ab97ce403110664 -> 
  custom:video-codec-MediaFoundation-h265: 746d11721c4dcdbdad8f713fa42b33f4 -> 
  custom:audio-encoder-webm-vorbis: bf7c407c2cedff20999df2af8eb42d56 -> 
  custom:framework-win-MediaFoundation: 216162199b28c13a410421893ffa2e32 -> 
  custom:container-demuxer-ogg: 62fdf1f143b41e24485cea50d1cbac27 -> 
  custom:video-decoder-webm-vp8: 9c59270c3fd7afecdb556c50c9e8de78 -> 
  custom:audio-decoder-ogg-vorbis: bf7c407c2cedff20999df2af8eb42d56 -> 
========================================================================
Received Import Request.
  Time since last request: 175.002877 seconds.
  path: Assets/TAMIYANOMAR/Script/TAMIYANOMAR_game_manager.cs
  artifactKey: Guid(f6d76ebbb2aef7d4aa19ec453a300edb) Importer(815301076,1909f56bfc062723c751e8b465ee728b)
Start importing Assets/TAMIYANOMAR/Script/TAMIYANOMAR_game_manager.cs using Guid(f6d76ebbb2aef7d4aa19ec453a300edb) Importer(815301076,1909f56bfc062723c751e8b465ee728b)  -> (artifact id: '1b9f32af8f1429f5955a415b9fb67141') in 0.010238 seconds 
========================================================================
Received Import Request.
  Time since last request: 39.190568 seconds.
  path: Assets/TAMIYANOMAR/Script/TAMIYANOMAR_quest_manager.cs
  artifactKey: Guid(63a72584ae228b94e99030465705e993) Importer(815301076,1909f56bfc062723c751e8b465ee728b)
Start importing Assets/TAMIYANOMAR/Script/TAMIYANOMAR_quest_manager.cs using Guid(63a72584ae228b94e99030465705e993) Importer(815301076,1909f56bfc062723c751e8b465ee728b)  -> (artifact id: '4a4e4e14881a84ea6b101a7e93b230bb') in 0.002448 seconds 
========================================================================
Received Import Request.
  Time since last request: 2.452730 seconds.
  path: Assets/TAMIYANOMAR/Script/TAMIYANOMAR_stage_manager.cs
  artifactKey: Guid(97516a7dd3b01e94d9c882c7a8310448) Importer(815301076,1909f56bfc062723c751e8b465ee728b)
Start importing Assets/TAMIYANOMAR/Script/TAMIYANOMAR_stage_manager.cs using Guid(97516a7dd3b01e94d9c882c7a8310448) Importer(815301076,1909f56bfc062723c751e8b465ee728b)  -> (artifact id: 'd79c2fb501f3b7daf1edeca1150bab0a') in 0.002140 seconds 
========================================================================
Received Prepare
Registering precompiled user dll's ...
Registered in 0.007752 seconds.
Begin MonoManager ReloadAssembly
Symbol file LoadedFromMemory doesn't match image C:\Users\tami1\MyHome\UnityProjects\UnityRPG\Library\PackageCache\com.unity.visualscripting@1.7.8\Editor\VisualScripting.Core\Dependencies\YamlDotNet\Unity.VisualScripting.YamlDotNet.dll
Symbol file LoadedFromMemory doesn't match image C:\Users\tami1\MyHome\UnityProjects\UnityRPG\Library\PackageCache\com.unity.visualscripting@1.7.8\Editor\VisualScripting.Core\Dependencies\DotNetZip\Unity.VisualScripting.IonicZip.dll
Native extension for WindowsStandalone target not found
Native extension for WebGL target not found
Refreshing native plugins compatible for Editor in 0.90 ms, found 3 plugins.
Preloading 0 native plugins for Editor in 0.00 ms.
Mono: successfully reloaded assembly
- Completed reload, in  1.184 seconds
Domain Reload Profiling:
	ReloadAssembly (1185ms)
		BeginReloadAssembly (166ms)
			ExecutionOrderSort (0ms)
			DisableScriptedObjects (6ms)
			BackupInstance (0ms)
			ReleaseScriptingObjects (0ms)
			CreateAndSetChildDomain (45ms)
		EndReloadAssembly (898ms)
			LoadAssemblies (118ms)
			RebuildTransferFunctionScriptingTraits (0ms)
			SetupTypeCache (263ms)
			ReleaseScriptCaches (1ms)
			RebuildScriptCaches (40ms)
			SetupLoadedEditorAssemblies (363ms)
				LogAssemblyErrors (0ms)
				InitializePlatformSupportModulesInManaged (23ms)
				SetLoadedEditorAssemblies (1ms)
				RefreshPlugins (1ms)
				BeforeProcessingInitializeOnLoad (77ms)
				ProcessInitializeOnLoadAttributes (223ms)
				ProcessInitializeOnLoadMethodAttributes (26ms)
				AfterProcessingInitializeOnLoad (13ms)
				EditorAssembliesLoaded (0ms)
			ExecutionOrderSort2 (0ms)
			AwakeInstancesAfterBackupRestoration (14ms)
Platform modules already initialized, skipping
Refreshing native plugins compatible for Editor in 1.96 ms, found 3 plugins.
Preloading 0 native plugins for Editor in 0.00 ms.
Unloading 3358 Unused Serialized files (Serialized files now loaded: 0)
Unloading 18 unused Assets / (24.7 KB). Loaded Objects now: 3848.
Memory consumption went from 115.3 MB to 115.3 MB.
Total: 2.665100 ms (FindLiveObjects: 0.246000 ms CreateObjectMapping: 0.143500 ms MarkObjects: 2.251700 ms  DeleteObjects: 0.023200 ms)

AssetImportParameters requested are different than current active one (requested -> active):
  custom:video-decoder-ogg-theora: a1e56fd34408186e4bbccfd4996cb3dc -> 
  custom:container-muxer-webm: aa71ff27fc2769a1b78a27578f13a17b -> 
  custom:container-demuxer-webm: 4f35f7cbe854078d1ac9338744f61a02 -> 
  custom:video-encoder-webm-vp8: eb34c28f22e8b96e1ab97ce403110664 -> 
  custom:video-codec-MediaFoundation-h265: 746d11721c4dcdbdad8f713fa42b33f4 -> 
  custom:audio-encoder-webm-vorbis: bf7c407c2cedff20999df2af8eb42d56 -> 
  custom:framework-win-MediaFoundation: 216162199b28c13a410421893ffa2e32 -> 
  custom:container-demuxer-ogg: 62fdf1f143b41e24485cea50d1cbac27 -> 
  custom:video-decoder-webm-vp8: 9c59270c3fd7afecdb556c50c9e8de78 -> 
  custom:audio-decoder-ogg-vorbis: bf7c407c2cedff20999df2af8eb42d56 -> 
========================================================================
Received Prepare
Registering precompiled user dll's ...
Registered in 0.007685 seconds.
Begin MonoManager ReloadAssembly
Symbol file LoadedFromMemory doesn't match image C:\Users\tami1\MyHome\UnityProjects\UnityRPG\Library\PackageCache\com.unity.visualscripting@1.7.8\Editor\VisualScripting.Core\Dependencies\YamlDotNet\Unity.VisualScripting.YamlDotNet.dll
Symbol file LoadedFromMemory doesn't match image C:\Users\tami1\MyHome\UnityProjects\UnityRPG\Library\PackageCache\com.unity.visualscripting@1.7.8\Editor\VisualScripting.Core\Dependencies\DotNetZip\Unity.VisualScripting.IonicZip.dll
Native extension for WindowsStandalone target not found
Native extension for WebGL target not found
Refreshing native plugins compatible for Editor in 0.58 ms, found 3 plugins.
Preloading 0 native plugins for Editor in 0.00 ms.
Mono: successfully reloaded assembly
- Completed reload, in  1.056 seconds
Domain Reload Profiling:
	ReloadAssembly (1057ms)
		BeginReloadAssembly (156ms)
			ExecutionOrderSort (0ms)
			DisableScriptedObjects (5ms)
			BackupInstance (0ms)
			ReleaseScriptingObjects (0ms)
			CreateAndSetChildDomain (41ms)
		EndReloadAssembly (783ms)
			LoadAssemblies (106ms)
			RebuildTransferFunctionScriptingTraits (0ms)
			SetupTypeCache (276ms)
			ReleaseScriptCaches (1ms)
			RebuildScriptCaches (39ms)
			SetupLoadedEditorAssemblies (335ms)
				LogAssemblyErrors (0ms)
				InitializePlatformSupportModulesInManaged (16ms)
				SetLoadedEditorAssemblies (0ms)
				RefreshPlugins (1ms)
				BeforeProcessingInitializeOnLoad (76ms)
				ProcessInitializeOnLoadAttributes (206ms)
				ProcessInitializeOnLoadMethodAttributes (23ms)
				AfterProcessingInitializeOnLoad (13ms)
				EditorAssembliesLoaded (0ms)
			ExecutionOrderSort2 (0ms)
			AwakeInstancesAfterBackupRestoration (10ms)
Platform modules already initialized, skipping
Refreshing native plugins compatible for Editor in 1.88 ms, found 3 plugins.
Preloading 0 native plugins for Editor in 0.00 ms.
Unloading 3358 Unused Serialized files (Serialized files now loaded: 0)
Unloading 18 unused Assets / (24.7 KB). Loaded Objects now: 3851.
Memory consumption went from 115.3 MB to 115.3 MB.
Total: 2.738400 ms (FindLiveObjects: 0.237900 ms CreateObjectMapping: 0.176600 ms MarkObjects: 2.302800 ms  DeleteObjects: 0.020500 ms)

AssetImportParameters requested are different than current active one (requested -> active):
  custom:video-decoder-ogg-theora: a1e56fd34408186e4bbccfd4996cb3dc -> 
  custom:container-muxer-webm: aa71ff27fc2769a1b78a27578f13a17b -> 
  custom:container-demuxer-webm: 4f35f7cbe854078d1ac9338744f61a02 -> 
  custom:video-encoder-webm-vp8: eb34c28f22e8b96e1ab97ce403110664 -> 
  custom:video-codec-MediaFoundation-h265: 746d11721c4dcdbdad8f713fa42b33f4 -> 
  custom:audio-encoder-webm-vorbis: bf7c407c2cedff20999df2af8eb42d56 -> 
  custom:framework-win-MediaFoundation: 216162199b28c13a410421893ffa2e32 -> 
  custom:container-demuxer-ogg: 62fdf1f143b41e24485cea50d1cbac27 -> 
  custom:video-decoder-webm-vp8: 9c59270c3fd7afecdb556c50c9e8de78 -> 
  custom:audio-decoder-ogg-vorbis: bf7c407c2cedff20999df2af8eb42d56 -> 
